Build started 2/7/2016 9:05:57 PM.
     1>Project "C:\Users\antell\Desktop\libpd-master\vc10\libpd.vcxproj" on node 2 (Build target(s)).
     1>Link:
         C:\Program Files (x86)\Microsoft Visual Studio 12.0\VC\bin\x86_amd64\link.exe /ERRORREPORT:PROMPT /OUT:"C:\Users\antell\Desktop\libpd-master\vc10\x64\Win64\libpd.exe" /NOLOGO kernel32.lib user32.lib gdi32.lib winspool.lib comdlg32.lib advapi32.lib shell32.lib ole32.lib oleaut32.lib uuid.lib odbc32.lib odbccp32.lib /MANIFEST /MANIFESTUAC:"level='asInvoker' uiAccess='false'" /manifest:embed /PDB:"C:\Users\antell\Desktop\libpd-master\vc10\x64\Win64\libpd.pdb" /TLBID:1 /DYNAMICBASE /NXCOMPAT /IMPLIB:"C:\Users\antell\Desktop\libpd-master\vc10\x64\Win64\libpd.lib" /MACHINE:X64 x64\Win64\pd.res
         x64\Win64\s_libpdmidi.obj
         x64\Win64\ringbuffer.obj
         x64\Win64\z_print_util.obj
         x64\Win64\z_queued.obj
         x64\Win64\x_libpdreceive.obj
         x64\Win64\z_hooks.obj
         x64\Win64\z_libpd.obj
         x64\Win64\d_arithmetic.obj
         x64\Win64\d_array.obj
         x64\Win64\d_ctl.obj
         x64\Win64\d_dac.obj
         x64\Win64\d_delay.obj
         x64\Win64\d_fft.obj
         x64\Win64\d_fftroutine.obj
         x64\Win64\d_fft_mayer.obj
         x64\Win64\d_filter.obj
         x64\Win64\d_global.obj
         x64\Win64\d_math.obj
         x64\Win64\d_misc.obj
         x64\Win64\d_osc.obj
         x64\Win64\d_resample.obj
         x64\Win64\d_soundfile.obj
         x64\Win64\d_ugen.obj
         x64\Win64\g_all_guis.obj
         x64\Win64\g_array.obj
         x64\Win64\g_bang.obj
         x64\Win64\g_canvas.obj
         x64\Win64\g_editor.obj
         x64\Win64\g_graph.obj
         x64\Win64\g_guiconnect.obj
         x64\Win64\g_hdial.obj
         x64\Win64\g_hslider.obj
         x64\Win64\g_io.obj
         x64\Win64\g_mycanvas.obj
         x64\Win64\g_numbox.obj
         x64\Win64\g_readwrite.obj
         x64\Win64\g_rtext.obj
         x64\Win64\g_scalar.obj
         x64\Win64\g_template.obj
         x64\Win64\g_text.obj
         x64\Win64\g_toggle.obj
         x64\Win64\g_traversal.obj
         x64\Win64\g_vdial.obj
         x64\Win64\g_vslider.obj
         x64\Win64\g_vumeter.obj
         x64\Win64\m_atom.obj
         x64\Win64\m_binbuf.obj
         x64\Win64\m_class.obj
         x64\Win64\m_conf.obj
         x64\Win64\m_glob.obj
         x64\Win64\m_memory.obj
         x64\Win64\m_obj.obj
         x64\Win64\m_pd.obj
         x64\Win64\m_sched.obj
         x64\Win64\s_audio.obj
         x64\Win64\s_audio_dummy.obj
         x64\Win64\s_file.obj
         x64\Win64\s_inter.obj
         x64\Win64\s_loader.obj
         x64\Win64\s_main.obj
         x64\Win64\s_path.obj
         x64\Win64\s_print.obj
         x64\Win64\s_utf8.obj
         x64\Win64\x_acoustics.obj
         x64\Win64\x_arithmetic.obj
         x64\Win64\x_connective.obj
         x64\Win64\x_gui.obj
         x64\Win64\x_interface.obj
         x64\Win64\x_list.obj
         x64\Win64\x_midi.obj
         x64\Win64\x_misc.obj
         x64\Win64\x_net.obj
         x64\Win64\x_qlist.obj
         x64\Win64\x_time.obj
     1>LINK : fatal error LNK1561: entry point must be defined
     1>Done Building Project "C:\Users\antell\Desktop\libpd-master\vc10\libpd.vcxproj" (Build target(s)) -- FAILED.

Build FAILED.

Time Elapsed 00:00:00.14
